<?xml version="1.0" encoding="UTF-8"?>
<testsuite xmlns:xsi="http://www.w3.org/2001/XMLSchema-instance" xsi:noNamespaceSchemaLocation="https://maven.apache.org/surefire/maven-surefire-plugin/xsd/surefire-test-report.xsd" name="org.apache.commons.collections4.map.PassiveExpiringMapTest" time="6.01" tests="148" errors="0" skipped="0" failures="0">
  <properties>
[...]
</properties>
  <testcase name="testSize" classname="org.apache.commons.collections4.map.PassiveExpiringMapTest" time="0"/>
  <testcase name="testGet" classname="org.apache.commons.collections4.map.PassiveExpiringMapTest" time="0"/>
  <testcase name="testContainsValue" classname="org.apache.commons.collections4.map.PassiveExpiringMapTest" time="0"/>
  <testcase name="testValues" classname="org.apache.commons.collections4.map.PassiveExpiringMapTest" time="0"/>
  <testcase name="testIsEmpty" classname="org.apache.commons.collections4.map.PassiveExpiringMapTest" time="0"/>
  <testcase name="testConstructors" classname="org.apache.commons.collections4.map.PassiveExpiringMapTest" time="0"/>
  <testcase name="testPut" classname="org.apache.commons.collections4.map.PassiveExpiringMapTest" time="0"/>
  <testcase name="testEntrySet" classname="org.apache.commons.collections4.map.PassiveExpiringMapTest" time="0"/>
  <testcase name="testContainsKey" classname="org.apache.commons.collections4.map.PassiveExpiringMapTest" time="0"/>
  <testcase name="testDecoratedMap" classname="org.apache.commons.collections4.map.PassiveExpiringMapTest" time="0"/>
  <testcase name="testExpiration" classname="org.apache.commons.collections4.map.PassiveExpiringMapTest" time="6.001"/>
  <testcase name="testKeySet" classname="org.apache.commons.collections4.map.PassiveExpiringMapTest" time="0"/>
  <testcase name="testZeroTimeToLive" classname="org.apache.commons.collections4.map.PassiveExpiringMapTest" time="0"/>
  <testcase name="testMapEquals" classname="org.apache.commons.collections4.map.PassiveExpiringMapTest" time="0"/>
  <testcase name="testEmptyMapCompatibility" classname="org.apache.commons.collections4.map.PassiveExpiringMapTest" time="0.001"/>
  <testcase name="testFullMapCompatibility" classname="org.apache.commons.collections4.map.PassiveExpiringMapTest" time="0"/>
  <testcase name="testSampleMappings" classname="org.apache.commons.collections4.map.PassiveExpiringMapTest" time="0"/>
  <testcase name="testMakeMap" classname="org.apache.commons.collections4.map.PassiveExpiringMapTest" time="0"/>
  <testcase name="testMapIsEmpty" classname="org.apache.commons.collections4.map.PassiveExpiringMapTest" time="0"/>
  <testcase name="testMapSize" classname="org.apache.commons.collections4.map.PassiveExpiringMapTest" time="0"/>
  <testcase name="testMapClear" classname="org.apache.commons.collections4.map.PassiveExpiringMapTest" time="0"/>
  <testcase name="testMapContainsKey" classname="org.apache.commons.collections4.map.PassiveExpiringMapTest" time="0.001"/>
  <testcase name="testMapContainsValue" classname="org.apache.commons.collections4.map.PassiveExpiringMapTest" time="0"/>
  <testcase name="testMapGet" classname="org.apache.commons.collections4.map.PassiveExpiringMapTest" time="0"/>
  <testcase name="testMapHashCode" classname="org.apache.commons.collections4.map.PassiveExpiringMapTest" time="0"/>
  <testcase name="testMapToString" classname="org.apache.commons.collections4.map.PassiveExpiringMapTest" time="0"/>
  <testcase name="testMapPut" classname="org.apache.commons.collections4.map.PassiveExpiringMapTest" time="0.001"/>
  <testcase name="testMapPutNullKey" classname="org.apache.commons.collections4.map.PassiveExpiringMapTest" time="0"/>
  <testcase name="testMapPutNullValue" classname="org.apache.commons.collections4.map.PassiveExpiringMapTest" time="0"/>
  <testcase name="testMapPutAll" classname="org.apache.commons.collections4.map.PassiveExpiringMapTest" time="0"/>
  <testcase name="testMapRemove" classname="org.apache.commons.collections4.map.PassiveExpiringMapTest" time="0.001"/>
  <testcase name="testValuesClearChangesMap" classname="org.apache.commons.collections4.map.PassiveExpiringMapTest" time="0"/>
  <testcase name="testKeySetClearChangesMap" classname="org.apache.commons.collections4.map.PassiveExpiringMapTest" time="0"/>
  <testcase name="testEntrySetClearChangesMap" classname="org.apache.commons.collections4.map.PassiveExpiringMapTest" time="0"/>
  <testcase name="testEntrySetContains1" classname="org.apache.commons.collections4.map.PassiveExpiringMapTest" time="0"/>
  <testcase name="testEntrySetContains2" classname="org.apache.commons.collections4.map.PassiveExpiringMapTest" time="0"/>
  <testcase name="testEntrySetContains3" classname="org.apache.commons.collections4.map.PassiveExpiringMapTest" time="0"/>
  <testcase name="testEntrySetRemove1" classname="org.apache.commons.collections4.map.PassiveExpiringMapTest" time="0"/>
  <testcase name="testEntrySetRemove2" classname="org.apache.commons.collections4.map.PassiveExpiringMapTest" time="0"/>
  <testcase name="testEntrySetRemove3" classname="org.apache.commons.collections4.map.PassiveExpiringMapTest" time="0"/>
  <testcase name="testValuesRemoveChangesMap" classname="org.apache.commons.collections4.map.PassiveExpiringMapTest" time="0"/>
  <testcase name="testValuesRemoveAll" classname="org.apache.commons.collections4.map.PassiveExpiringMapTest" time="0"/>
  <testcase name="testValuesRetainAll" classname="org.apache.commons.collections4.map.PassiveExpiringMapTest" time="0"/>
  <testcase name="testValuesIteratorRemoveChangesMap" classname="org.apache.commons.collections4.map.PassiveExpiringMapTest" time="0"/>
  <testcase name="testKeySetRemoveChangesMap" classname="org.apache.commons.collections4.map.PassiveExpiringMapTest" time="0"/>
  <testcase name="testKeySetRemoveAll" classname="org.apache.commons.collections4.map.PassiveExpiringMapTest" time="0"/>
  <testcase name="testKeySetRetainAll" classname="org.apache.commons.collections4.map.PassiveExpiringMapTest" time="0"/>
  <testcase name="testKeySetIteratorRemoveChangesMap" classname="org.apache.commons.collections4.map.PassiveExpiringMapTest" time="0"/>
  <testcase name="testEntrySetRemoveChangesMap" classname="org.apache.commons.collections4.map.PassiveExpiringMapTest" time="0"/>
  <testcase name="testEntrySetRemoveAll" classname="org.apache.commons.collections4.map.PassiveExpiringMapTest" time="0"/>
  <testcase name="testEntrySetRetainAll" classname="org.apache.commons.collections4.map.PassiveExpiringMapTest" time="0"/>
  <testcase name="testEntrySetIteratorRemoveChangesMap" classname="org.apache.commons.collections4.map.PassiveExpiringMapTest" time="0"/>
  <testcase name="testMapEntrySetIteratorEntrySetValue" classname="org.apache.commons.collections4.map.AbstractMapTest$TestMapEntrySet" time="0"/>
  <testcase name="testMapEntrySetIteratorEntry" classname="org.apache.commons.collections4.map.AbstractMapTest$TestMapEntrySet" time="0"/>
  <testcase name="testMapEntrySetRemoveNonMapEntry" classname="org.apache.commons.collections4.map.AbstractMapTest$TestMapEntrySet" time="0"/>
  <testcase name="testSetEquals" classname="org.apache.commons.collections4.map.AbstractMapTest$TestMapEntrySet" time="0"/>
  <testcase name="testSetHashCode" classname="org.apache.commons.collections4.map.AbstractMapTest$TestMapEntrySet" time="0"/>
  <testcase name="testSerializeDeserializeThenCompare" classname="org.apache.commons.collections4.map.AbstractMapTest$TestMapEntrySet" time="0"/>
  <testcase name="testCollectionAdd" classname="org.apache.commons.collections4.map.AbstractMapTest$TestMapEntrySet" time="0"/>
  <testcase name="testCollectionAddAll" classname="org.apache.commons.collections4.map.AbstractMapTest$TestMapEntrySet" time="0"/>
  <testcase name="testUnsupportedAdd" classname="org.apache.commons.collections4.map.AbstractMapTest$TestMapEntrySet" time="0"/>
  <testcase name="testCollectionClear" classname="org.apache.commons.collections4.map.AbstractMapTest$TestMapEntrySet" time="0"/>
  <testcase name="testCollectionContains" classname="org.apache.commons.collections4.map.AbstractMapTest$TestMapEntrySet" time="0"/>
  <testcase name="testCollectionContainsAll" classname="org.apache.commons.collections4.map.AbstractMapTest$TestMapEntrySet" time="0.001"/>
  <testcase name="testCollectionIsEmpty" classname="org.apache.commons.collections4.map.AbstractMapTest$TestMapEntrySet" time="0"/>
  <testcase name="testCollectionIterator" classname="org.apache.commons.collections4.map.AbstractMapTest$TestMapEntrySet" time="0"/>
  <testcase name="testCollectionIteratorRemove" classname="org.apache.commons.collections4.map.AbstractMapTest$TestMapEntrySet" time="0"/>
  <testcase name="testCollectionRemove" classname="org.apache.commons.collections4.map.AbstractMapTest$TestMapEntrySet" time="0.001"/>
  <testcase name="testCollectionRemoveAll" classname="org.apache.commons.collections4.map.AbstractMapTest$TestMapEntrySet" time="0"/>
  <testcase name="testCollectionRemoveIf" classname="org.apache.commons.collections4.map.AbstractMapTest$TestMapEntrySet" time="0"/>
  <testcase name="testCollectionRetainAll" classname="org.apache.commons.collections4.map.AbstractMapTest$TestMapEntrySet" time="0.001"/>
  <testcase name="testCollectionSize" classname="org.apache.commons.collections4.map.AbstractMapTest$TestMapEntrySet" time="0"/>
  <testcase name="testCollectionToArray" classname="org.apache.commons.collections4.map.AbstractMapTest$TestMapEntrySet" time="0"/>
  <testcase name="testCollectionToArray2" classname="org.apache.commons.collections4.map.AbstractMapTest$TestMapEntrySet" time="0"/>
  <testcase name="testCollectionToString" classname="org.apache.commons.collections4.map.AbstractMapTest$TestMapEntrySet" time="0"/>
  <testcase name="testUnsupportedRemove" classname="org.apache.commons.collections4.map.AbstractMapTest$TestMapEntrySet" time="0"/>
  <testcase name="testCollectionIteratorFailFast" classname="org.apache.commons.collections4.map.AbstractMapTest$TestMapEntrySet" time="0"/>
  <testcase name="testObjectEqualsSelf" classname="org.apache.commons.collections4.map.AbstractMapTest$TestMapEntrySet" time="0"/>
  <testcase name="testEqualsNull" classname="org.apache.commons.collections4.map.AbstractMapTest$TestMapEntrySet" time="0"/>
  <testcase name="testObjectHashCodeEqualsSelfHashCode" classname="org.apache.commons.collections4.map.AbstractMapTest$TestMapEntrySet" time="0"/>
  <testcase name="testObjectHashCodeEqualsContract" classname="org.apache.commons.collections4.map.AbstractMapTest$TestMapEntrySet" time="0"/>
  <testcase name="testSimpleSerialization" classname="org.apache.commons.collections4.map.AbstractMapTest$TestMapEntrySet" time="0"/>
  <testcase name="testCanonicalEmptyCollectionExists" classname="org.apache.commons.collections4.map.AbstractMapTest$TestMapEntrySet" time="0"/>
  <testcase name="testCanonicalFullCollectionExists" classname="org.apache.commons.collections4.map.AbstractMapTest$TestMapEntrySet" time="0"/>
  <testcase name="testSetEquals" classname="org.apache.commons.collections4.map.AbstractMapTest$TestMapKeySet" time="0"/>
  <testcase name="testSetHashCode" classname="org.apache.commons.collections4.map.AbstractMapTest$TestMapKeySet" time="0"/>
  <testcase name="testSerializeDeserializeThenCompare" classname="org.apache.commons.collections4.map.AbstractMapTest$TestMapKeySet" time="0"/>
  <testcase name="testCollectionAdd" classname="org.apache.commons.collections4.map.AbstractMapTest$TestMapKeySet" time="0"/>
  <testcase name="testCollectionAddAll" classname="org.apache.commons.collections4.map.AbstractMapTest$TestMapKeySet" time="0"/>
  <testcase name="testUnsupportedAdd" classname="org.apache.commons.collections4.map.AbstractMapTest$TestMapKeySet" time="0"/>
  <testcase name="testCollectionClear" classname="org.apache.commons.collections4.map.AbstractMapTest$TestMapKeySet" time="0"/>
  <testcase name="testCollectionContains" classname="org.apache.commons.collections4.map.AbstractMapTest$TestMapKeySet" time="0"/>
  <testcase name="testCollectionContainsAll" classname="org.apache.commons.collections4.map.AbstractMapTest$TestMapKeySet" time="0"/>
  <testcase name="testCollectionIsEmpty" classname="org.apache.commons.collections4.map.AbstractMapTest$TestMapKeySet" time="0"/>
  <testcase name="testCollectionIterator" classname="org.apache.commons.collections4.map.AbstractMapTest$TestMapKeySet" time="0"/>
  <testcase name="testCollectionIteratorRemove" classname="org.apache.commons.collections4.map.AbstractMapTest$TestMapKeySet" time="0"/>
  <testcase name="testCollectionRemove" classname="org.apache.commons.collections4.map.AbstractMapTest$TestMapKeySet" time="0.001"/>
  <testcase name="testCollectionRemoveAll" classname="org.apache.commons.collections4.map.AbstractMapTest$TestMapKeySet" time="0"/>
  <testcase name="testCollectionRemoveIf" classname="org.apache.commons.collections4.map.AbstractMapTest$TestMapKeySet" time="0"/>
  <testcase name="testCollectionRetainAll" classname="org.apache.commons.collections4.map.AbstractMapTest$TestMapKeySet" time="0"/>
  <testcase name="testCollectionSize" classname="org.apache.commons.collections4.map.AbstractMapTest$TestMapKeySet" time="0"/>
  <testcase name="testCollectionToArray" classname="org.apache.commons.collections4.map.AbstractMapTest$TestMapKeySet" time="0"/>
  <testcase name="testCollectionToArray2" classname="org.apache.commons.collections4.map.AbstractMapTest$TestMapKeySet" time="0"/>
  <testcase name="testCollectionToString" classname="org.apache.commons.collections4.map.AbstractMapTest$TestMapKeySet" time="0"/>
  <testcase name="testUnsupportedRemove" classname="org.apache.commons.collections4.map.AbstractMapTest$TestMapKeySet" time="0"/>
  <testcase name="testCollectionIteratorFailFast" classname="org.apache.commons.collections4.map.AbstractMapTest$TestMapKeySet" time="0"/>
  <testcase name="testObjectEqualsSelf" classname="org.apache.commons.collections4.map.AbstractMapTest$TestMapKeySet" time="0"/>
  <testcase name="testEqualsNull" classname="org.apache.commons.collections4.map.AbstractMapTest$TestMapKeySet" time="0"/>
  <testcase name="testObjectHashCodeEqualsSelfHashCode" classname="org.apache.commons.collections4.map.AbstractMapTest$TestMapKeySet" time="0"/>
  <testcase name="testObjectHashCodeEqualsContract" classname="org.apache.commons.collections4.map.AbstractMapTest$TestMapKeySet" time="0"/>
  <testcase name="testSimpleSerialization" classname="org.apache.commons.collections4.map.AbstractMapTest$TestMapKeySet" time="0"/>
  <testcase name="testCanonicalEmptyCollectionExists" classname="org.apache.commons.collections4.map.AbstractMapTest$TestMapKeySet" time="0"/>
  <testcase name="testCanonicalFullCollectionExists" classname="org.apache.commons.collections4.map.AbstractMapTest$TestMapKeySet" time="0"/>
  <testcase name="testSerializeDeserializeThenCompare" classname="org.apache.commons.collections4.map.AbstractMapTest$TestMapValues" time="0"/>
  <testcase name="testCollectionAdd" classname="org.apache.commons.collections4.map.AbstractMapTest$TestMapValues" time="0"/>
  <testcase name="testCollectionAddAll" classname="org.apache.commons.collections4.map.AbstractMapTest$TestMapValues" time="0"/>
  <testcase name="testUnsupportedAdd" classname="org.apache.commons.collections4.map.AbstractMapTest$TestMapValues" time="0"/>
  <testcase name="testCollectionClear" classname="org.apache.commons.collections4.map.AbstractMapTest$TestMapValues" time="0"/>
  <testcase name="testCollectionContains" classname="org.apache.commons.collections4.map.AbstractMapTest$TestMapValues" time="0"/>
  <testcase name="testCollectionContainsAll" classname="org.apache.commons.collections4.map.AbstractMapTest$TestMapValues" time="0.001"/>
  <testcase name="testCollectionIsEmpty" classname="org.apache.commons.collections4.map.AbstractMapTest$TestMapValues" time="0"/>
  <testcase name="testCollectionIterator" classname="org.apache.commons.collections4.map.AbstractMapTest$TestMapValues" time="0"/>
  <testcase name="testCollectionIteratorRemove" classname="org.apache.commons.collections4.map.AbstractMapTest$TestMapValues" time="0"/>
  <testcase name="testCollectionRemove" classname="org.apache.commons.collections4.map.AbstractMapTest$TestMapValues" time="0"/>
  <testcase name="testCollectionRemoveAll" classname="org.apache.commons.collections4.map.AbstractMapTest$TestMapValues" time="0"/>
  <testcase name="testCollectionRemoveIf" classname="org.apache.commons.collections4.map.AbstractMapTest$TestMapValues" time="0"/>
  <testcase name="testCollectionRetainAll" classname="org.apache.commons.collections4.map.AbstractMapTest$TestMapValues" time="0"/>
  <testcase name="testCollectionSize" classname="org.apache.commons.collections4.map.AbstractMapTest$TestMapValues" time="0"/>
  <testcase name="testCollectionToArray" classname="org.apache.commons.collections4.map.AbstractMapTest$TestMapValues" time="0"/>
  <testcase name="testCollectionToArray2" classname="org.apache.commons.collections4.map.AbstractMapTest$TestMapValues" time="0"/>
  <testcase name="testCollectionToString" classname="org.apache.commons.collections4.map.AbstractMapTest$TestMapValues" time="0"/>
  <testcase name="testUnsupportedRemove" classname="org.apache.commons.collections4.map.AbstractMapTest$TestMapValues" time="0"/>
  <testcase name="testCollectionIteratorFailFast" classname="org.apache.commons.collections4.map.AbstractMapTest$TestMapValues" time="0"/>
  <testcase name="testObjectEqualsSelf" classname="org.apache.commons.collections4.map.AbstractMapTest$TestMapValues" time="0"/>
  <testcase name="testEqualsNull" classname="org.apache.commons.collections4.map.AbstractMapTest$TestMapValues" time="0"/>
  <testcase name="testObjectHashCodeEqualsSelfHashCode" classname="org.apache.commons.collections4.map.AbstractMapTest$TestMapValues" time="0"/>
  <testcase name="testObjectHashCodeEqualsContract" classname="org.apache.commons.collections4.map.AbstractMapTest$TestMapValues" time="0"/>
  <testcase name="testSimpleSerialization" classname="org.apache.commons.collections4.map.AbstractMapTest$TestMapValues" time="0"/>
  <testcase name="testCanonicalEmptyCollectionExists" classname="org.apache.commons.collections4.map.AbstractMapTest$TestMapValues" time="0"/>
  <testcase name="testCanonicalFullCollectionExists" classname="org.apache.commons.collections4.map.AbstractMapTest$TestMapValues" time="0"/>
  <testcase name="testObjectEqualsSelf" classname="org.apache.commons.collections4.map.PassiveExpiringMapTest" time="0"/>
  <testcase name="testEqualsNull" classname="org.apache.commons.collections4.map.PassiveExpiringMapTest" time="0"/>
  <testcase name="testObjectHashCodeEqualsSelfHashCode" classname="org.apache.commons.collections4.map.PassiveExpiringMapTest" time="0"/>
  <testcase name="testObjectHashCodeEqualsContract" classname="org.apache.commons.collections4.map.PassiveExpiringMapTest" time="0"/>
  <testcase name="testSerializeDeserializeThenCompare" classname="org.apache.commons.collections4.map.PassiveExpiringMapTest" time="0"/>
  <testcase name="testSimpleSerialization" classname="org.apache.commons.collections4.map.PassiveExpiringMapTest" time="0"/>
  <testcase name="testCanonicalEmptyCollectionExists" classname="org.apache.commons.collections4.map.PassiveExpiringMapTest" time="0"/>
  <testcase name="testCanonicalFullCollectionExists" classname="org.apache.commons.collections4.map.PassiveExpiringMapTest" time="0"/>
</testsuite>