<?xml version="1.0" encoding="UTF-8"?>
<testsuite xmlns:xsi="http://www.w3.org/2001/XMLSchema-instance" xsi:noNamespaceSchemaLocation="https://maven.apache.org/surefire/maven-surefire-plugin/xsd/surefire-test-report.xsd" name="org.apache.commons.collections4.map.MultiValueMapTest" time="0.002" tests="36" errors="0" skipped="0" failures="0">
  <properties>
[...]
</properties>
  <testcase name="testPutWithList" classname="org.apache.commons.collections4.map.MultiValueMapTest" time="0"/>
  <testcase name="testTotalSizeA" classname="org.apache.commons.collections4.map.MultiValueMapTest" time="0"/>
  <testcase name="testUnsafeDeSerialization" classname="org.apache.commons.collections4.map.MultiValueMapTest" time="0"/>
  <testcase name="testSize" classname="org.apache.commons.collections4.map.MultiValueMapTest" time="0"/>
  <testcase name="testPutAll_KeyCollection" classname="org.apache.commons.collections4.map.MultiValueMapTest" time="0"/>
  <testcase name="testRemoveAllViaEntryIterator" classname="org.apache.commons.collections4.map.MultiValueMapTest" time="0.001"/>
  <testcase name="testRemoveAllViaIterator" classname="org.apache.commons.collections4.map.MultiValueMapTest" time="0"/>
  <testcase name="testMultipleValues" classname="org.apache.commons.collections4.map.MultiValueMapTest" time="0"/>
  <testcase name="testContainsValue_Key" classname="org.apache.commons.collections4.map.MultiValueMapTest" time="0"/>
  <testcase name="testGetCollection" classname="org.apache.commons.collections4.map.MultiValueMapTest" time="0"/>
  <testcase name="testKeyContainsValue" classname="org.apache.commons.collections4.map.MultiValueMapTest" time="0"/>
  <testcase name="testContainsValue" classname="org.apache.commons.collections4.map.MultiValueMapTest" time="0"/>
  <testcase name="testTotalSize" classname="org.apache.commons.collections4.map.MultiValueMapTest" time="0"/>
  <testcase name="testRemove_KeyItem" classname="org.apache.commons.collections4.map.MultiValueMapTest" time="0"/>
  <testcase name="testKeyedIterator" classname="org.apache.commons.collections4.map.MultiValueMapTest" time="0"/>
  <testcase name="testEmptyMapCompatibility" classname="org.apache.commons.collections4.map.MultiValueMapTest" time="0"/>
  <testcase name="testPutWithSet" classname="org.apache.commons.collections4.map.MultiValueMapTest" time="0"/>
  <testcase name="testPutAll_Map1" classname="org.apache.commons.collections4.map.MultiValueMapTest" time="0"/>
  <testcase name="testPutAll_Map2" classname="org.apache.commons.collections4.map.MultiValueMapTest" time="0"/>
  <testcase name="testFullMapCompatibility" classname="org.apache.commons.collections4.map.MultiValueMapTest" time="0"/>
  <testcase name="testMapEquals" classname="org.apache.commons.collections4.map.MultiValueMapTest" time="0"/>
  <testcase name="testValueCollectionType" classname="org.apache.commons.collections4.map.MultiValueMapTest" time="0"/>
  <testcase name="testNoMappingReturnsNull" classname="org.apache.commons.collections4.map.MultiValueMapTest" time="0"/>
  <testcase name="testIterator_Key" classname="org.apache.commons.collections4.map.MultiValueMapTest" time="0"/>
  <testcase name="testSize_Key" classname="org.apache.commons.collections4.map.MultiValueMapTest" time="0"/>
  <testcase name="testValues" classname="org.apache.commons.collections4.map.MultiValueMapTest" time="0"/>
  <testcase name="testIterator" classname="org.apache.commons.collections4.map.MultiValueMapTest" time="0"/>
  <testcase name="testRemoveAllViaKeyedIterator" classname="org.apache.commons.collections4.map.MultiValueMapTest" time="0"/>
  <testcase name="testObjectEqualsSelf" classname="org.apache.commons.collections4.map.MultiValueMapTest" time="0"/>
  <testcase name="testCanonicalFullCollectionExists" classname="org.apache.commons.collections4.map.MultiValueMapTest" time="0"/>
  <testcase name="testEqualsNull" classname="org.apache.commons.collections4.map.MultiValueMapTest" time="0"/>
  <testcase name="testCanonicalEmptyCollectionExists" classname="org.apache.commons.collections4.map.MultiValueMapTest" time="0"/>
  <testcase name="testSimpleSerialization" classname="org.apache.commons.collections4.map.MultiValueMapTest" time="0.001"/>
  <testcase name="testObjectHashCodeEqualsContract" classname="org.apache.commons.collections4.map.MultiValueMapTest" time="0"/>
  <testcase name="testObjectHashCodeEqualsSelfHashCode" classname="org.apache.commons.collections4.map.MultiValueMapTest" time="0"/>
  <testcase name="testSerializeDeserializeThenCompare" classname="org.apache.commons.collections4.map.MultiValueMapTest" time="0"/>
</testsuite>