<?xml version="1.0" encoding="UTF-8"?>
<testsuite xmlns:xsi="http://www.w3.org/2001/XMLSchema-instance" xsi:noNamespaceSchemaLocation="https://maven.apache.org/surefire/maven-surefire-plugin/xsd/surefire-test-report-3.0.xsd" version="3.0" name="org.apache.commons.lang3.text.StrBuilderAppendInsertTest" time="0.006" tests="51" errors="0" skipped="0" failures="0">
  <properties>
[...]
</properties>
  <testcase name="testAppendWithSeparators_Collection" classname="org.apache.commons.lang3.text.StrBuilderAppendInsertTest" time="0.001"/>
  <testcase name="testInsertWithNullText" classname="org.apache.commons.lang3.text.StrBuilderAppendInsertTest" time="0"/>
  <testcase name="testAppendFixedWidthPadRight_int" classname="org.apache.commons.lang3.text.StrBuilderAppendInsertTest" time="0"/>
  <testcase name="testAppendln_PrimitiveNumber" classname="org.apache.commons.lang3.text.StrBuilderAppendInsertTest" time="0.001"/>
  <testcase name="testAppend_Boolean" classname="org.apache.commons.lang3.text.StrBuilderAppendInsertTest" time="0"/>
  <testcase name="testAppendln_Boolean" classname="org.apache.commons.lang3.text.StrBuilderAppendInsertTest" time="0"/>
  <testcase name="testAppend_StrBuilder_int_int" classname="org.apache.commons.lang3.text.StrBuilderAppendInsertTest" time="0"/>
  <testcase name="testAppendln_CharArray_int_int" classname="org.apache.commons.lang3.text.StrBuilderAppendInsertTest" time="0"/>
  <testcase name="testAppendFixedWidthPadLeft" classname="org.apache.commons.lang3.text.StrBuilderAppendInsertTest" time="0"/>
  <testcase name="testAppendln_String_int_int" classname="org.apache.commons.lang3.text.StrBuilderAppendInsertTest" time="0"/>
  <testcase name="testAppendFixedWidthPadLeft_int" classname="org.apache.commons.lang3.text.StrBuilderAppendInsertTest" time="0"/>
  <testcase name="testAppendAll_Collection" classname="org.apache.commons.lang3.text.StrBuilderAppendInsertTest" time="0"/>
  <testcase name="testAppendln_StringBuilder" classname="org.apache.commons.lang3.text.StrBuilderAppendInsertTest" time="0"/>
  <testcase name="testAppendNewLine" classname="org.apache.commons.lang3.text.StrBuilderAppendInsertTest" time="0"/>
  <testcase name="testAppend_CharArray_int_int" classname="org.apache.commons.lang3.text.StrBuilderAppendInsertTest" time="0.001"/>
  <testcase name="testAppendln_StringBuffer" classname="org.apache.commons.lang3.text.StrBuilderAppendInsertTest" time="0"/>
  <testcase name="testAppendAll_Iterator" classname="org.apache.commons.lang3.text.StrBuilderAppendInsertTest" time="0"/>
  <testcase name="testAppendSeparator_char_char" classname="org.apache.commons.lang3.text.StrBuilderAppendInsertTest" time="0"/>
  <testcase name="testLang299" classname="org.apache.commons.lang3.text.StrBuilderAppendInsertTest" time="0"/>
  <testcase name="testAppendWithSeparators_Iterator" classname="org.apache.commons.lang3.text.StrBuilderAppendInsertTest" time="0"/>
  <testcase name="testAppendWithNullText" classname="org.apache.commons.lang3.text.StrBuilderAppendInsertTest" time="0"/>
  <testcase name="testAppendln_StrBuilder" classname="org.apache.commons.lang3.text.StrBuilderAppendInsertTest" time="0"/>
  <testcase name="testAppendln_Object" classname="org.apache.commons.lang3.text.StrBuilderAppendInsertTest" time="0"/>
  <testcase name="testAppend_StrBuilder" classname="org.apache.commons.lang3.text.StrBuilderAppendInsertTest" time="0"/>
  <testcase name="testAppendSeparator_String" classname="org.apache.commons.lang3.text.StrBuilderAppendInsertTest" time="0"/>
  <testcase name="testAppendln_String" classname="org.apache.commons.lang3.text.StrBuilderAppendInsertTest" time="0"/>
  <testcase name="testAppendSeparator_char_int" classname="org.apache.commons.lang3.text.StrBuilderAppendInsertTest" time="0"/>
  <testcase name="testAppendSeparator_String_String" classname="org.apache.commons.lang3.text.StrBuilderAppendInsertTest" time="0"/>
  <testcase name="testAppendAll_Array" classname="org.apache.commons.lang3.text.StrBuilderAppendInsertTest" time="0"/>
  <testcase name="testAppend_StringBuilder_int_int" classname="org.apache.commons.lang3.text.StrBuilderAppendInsertTest" time="0"/>
  <testcase name="testAppendSeparator_char" classname="org.apache.commons.lang3.text.StrBuilderAppendInsertTest" time="0"/>
  <testcase name="testAppend_StringBuffer" classname="org.apache.commons.lang3.text.StrBuilderAppendInsertTest" time="0"/>
  <testcase name="testAppendWithSeparatorsWithNullText" classname="org.apache.commons.lang3.text.StrBuilderAppendInsertTest" time="0"/>
  <testcase name="testAppendSeparator_String_int" classname="org.apache.commons.lang3.text.StrBuilderAppendInsertTest" time="0"/>
  <testcase name="testAppendln_StringBuffer_int_int" classname="org.apache.commons.lang3.text.StrBuilderAppendInsertTest" time="0"/>
  <testcase name="testAppend_FormattedString" classname="org.apache.commons.lang3.text.StrBuilderAppendInsertTest" time="0"/>
  <testcase name="testAppend_Object" classname="org.apache.commons.lang3.text.StrBuilderAppendInsertTest" time="0"/>
  <testcase name="testAppend_StringBuffer_int_int" classname="org.apache.commons.lang3.text.StrBuilderAppendInsertTest" time="0"/>
  <testcase name="testAppendPadding" classname="org.apache.commons.lang3.text.StrBuilderAppendInsertTest" time="0"/>
  <testcase name="testAppend_String" classname="org.apache.commons.lang3.text.StrBuilderAppendInsertTest" time="0"/>
  <testcase name="testAppend_String_int_int" classname="org.apache.commons.lang3.text.StrBuilderAppendInsertTest" time="0.001"/>
  <testcase name="testAppend_PrimitiveNumber" classname="org.apache.commons.lang3.text.StrBuilderAppendInsertTest" time="0"/>
  <testcase name="testAppend_StringBuilder" classname="org.apache.commons.lang3.text.StrBuilderAppendInsertTest" time="0"/>
  <testcase name="testInsert" classname="org.apache.commons.lang3.text.StrBuilderAppendInsertTest" time="0.001"/>
  <testcase name="testAppendFixedWidthPadRight" classname="org.apache.commons.lang3.text.StrBuilderAppendInsertTest" time="0"/>
  <testcase name="testAppendln_StrBuilder_int_int" classname="org.apache.commons.lang3.text.StrBuilderAppendInsertTest" time="0"/>
  <testcase name="testAppend_CharArray" classname="org.apache.commons.lang3.text.StrBuilderAppendInsertTest" time="0"/>
  <testcase name="testAppendln_FormattedString" classname="org.apache.commons.lang3.text.StrBuilderAppendInsertTest" time="0"/>
  <testcase name="testAppendln_CharArray" classname="org.apache.commons.lang3.text.StrBuilderAppendInsertTest" time="0"/>
  <testcase name="testAppendln_StringBuilder_int_int" classname="org.apache.commons.lang3.text.StrBuilderAppendInsertTest" time="0"/>
  <testcase name="testAppendWithSeparators_Array" classname="org.apache.commons.lang3.text.StrBuilderAppendInsertTest" time="0"/>
</testsuite>