<?xml version="1.0" encoding="UTF-8"?>
<testsuite xmlns:xsi="http://www.w3.org/2001/XMLSchema-instance" xsi:noNamespaceSchemaLocation="https://maven.apache.org/surefire/maven-surefire-plugin/xsd/surefire-test-report-3.0.xsd" version="3.0" name="org.apache.commons.lang3.time.DateUtilsFragmentTest" time="0.016" tests="57" errors="0" skipped="0" failures="0">
  <properties>
[...]
</properties>
  <testcase name="testMinutesOfHourWithCalendar" classname="org.apache.commons.lang3.time.DateUtilsFragmentTest" time="0"/>
  <testcase name="testHoursOfMonthWithDate" classname="org.apache.commons.lang3.time.DateUtilsFragmentTest" time="0.001"/>
  <testcase name="testSecondsOfYearWithDate" classname="org.apache.commons.lang3.time.DateUtilsFragmentTest" time="0"/>
  <testcase name="testMinuteFragmentInLargerUnitWithCalendar" classname="org.apache.commons.lang3.time.DateUtilsFragmentTest" time="0"/>
  <testcase name="testHoursOfYearWithDate" classname="org.apache.commons.lang3.time.DateUtilsFragmentTest" time="0.001"/>
  <testcase name="testSecondFragmentInLargerUnitWithDate" classname="org.apache.commons.lang3.time.DateUtilsFragmentTest" time="0"/>
  <testcase name="testDayOfYearFragmentInLargerUnitWithCalendar" classname="org.apache.commons.lang3.time.DateUtilsFragmentTest" time="0"/>
  <testcase name="testSecondsOfDayWithCalendar" classname="org.apache.commons.lang3.time.DateUtilsFragmentTest" time="0"/>
  <testcase name="testHoursOfDayWithDate" classname="org.apache.commons.lang3.time.DateUtilsFragmentTest" time="0"/>
  <testcase name="testMinuteFragmentInLargerUnitWithDate" classname="org.apache.commons.lang3.time.DateUtilsFragmentTest" time="0"/>
  <testcase name="testMillisecondsOfSecondWithCalendar" classname="org.apache.commons.lang3.time.DateUtilsFragmentTest" time="0"/>
  <testcase name="testMinutesOfMonthWithDate" classname="org.apache.commons.lang3.time.DateUtilsFragmentTest" time="0"/>
  <testcase name="testSecondsofHourWithCalendar" classname="org.apache.commons.lang3.time.DateUtilsFragmentTest" time="0"/>
  <testcase name="testNullDate" classname="org.apache.commons.lang3.time.DateUtilsFragmentTest" time="0.001"/>
  <testcase name="testMillisecondsOfMonthWithCalendar" classname="org.apache.commons.lang3.time.DateUtilsFragmentTest" time="0"/>
  <testcase name="testMinutesOfDayWithDate" classname="org.apache.commons.lang3.time.DateUtilsFragmentTest" time="0"/>
  <testcase name="testDateFragmentInLargerUnitWithDate" classname="org.apache.commons.lang3.time.DateUtilsFragmentTest" time="0.001"/>
  <testcase name="testMillisecondsOfYearWithDate" classname="org.apache.commons.lang3.time.DateUtilsFragmentTest" time="0"/>
  <testcase name="testSecondsofMinuteWithDate" classname="org.apache.commons.lang3.time.DateUtilsFragmentTest" time="0"/>
  <testcase name="testHoursOfYearWithCalendar" classname="org.apache.commons.lang3.time.DateUtilsFragmentTest" time="0.001"/>
  <testcase name="testSecondsofMinuteWithCalendar" classname="org.apache.commons.lang3.time.DateUtilsFragmentTest" time="0"/>
  <testcase name="testMillisecondsOfYearWithCalendar" classname="org.apache.commons.lang3.time.DateUtilsFragmentTest" time="0"/>
  <testcase name="testMillisecondsOfMonthWithDate" classname="org.apache.commons.lang3.time.DateUtilsFragmentTest" time="0"/>
  <testcase name="testMillisecondsOfSecondWithDate" classname="org.apache.commons.lang3.time.DateUtilsFragmentTest" time="0"/>
  <testcase name="testInvalidFragmentWithDate" classname="org.apache.commons.lang3.time.DateUtilsFragmentTest" time="0.001"/>
  <testcase name="testMillisecondFragmentInLargerUnitWithDate" classname="org.apache.commons.lang3.time.DateUtilsFragmentTest" time="0"/>
  <testcase name="testDayOfYearFragmentInLargerUnitWithDate" classname="org.apache.commons.lang3.time.DateUtilsFragmentTest" time="0"/>
  <testcase name="testHoursOfMonthWithCalendar" classname="org.apache.commons.lang3.time.DateUtilsFragmentTest" time="0"/>
  <testcase name="testSecondsOfYearWithCalendar" classname="org.apache.commons.lang3.time.DateUtilsFragmentTest" time="0"/>
  <testcase name="testSecondsOfMonthWithDate" classname="org.apache.commons.lang3.time.DateUtilsFragmentTest" time="0"/>
  <testcase name="testSecondsOfDayWithDate" classname="org.apache.commons.lang3.time.DateUtilsFragmentTest" time="0"/>
  <testcase name="testMillisecondsOfDayWithDate" classname="org.apache.commons.lang3.time.DateUtilsFragmentTest" time="0"/>
  <testcase name="testMinutesOfMonthWithCalendar" classname="org.apache.commons.lang3.time.DateUtilsFragmentTest" time="0"/>
  <testcase name="testMillisecondsOfHourWithCalendar" classname="org.apache.commons.lang3.time.DateUtilsFragmentTest" time="0"/>
  <testcase name="testMillisecondFragmentInLargerUnitWithCalendar" classname="org.apache.commons.lang3.time.DateUtilsFragmentTest" time="0"/>
  <testcase name="testMinutesOfYearWithDate" classname="org.apache.commons.lang3.time.DateUtilsFragmentTest" time="0"/>
  <testcase name="testHourOfDayFragmentInLargerUnitWithCalendar" classname="org.apache.commons.lang3.time.DateUtilsFragmentTest" time="0.001"/>
  <testcase name="testMinutesOfYearWithWrongOffsetBugWithCalendar" classname="org.apache.commons.lang3.time.DateUtilsFragmentTest" time="0"/>
  <testcase name="testSecondsofHourWithDate" classname="org.apache.commons.lang3.time.DateUtilsFragmentTest" time="0"/>
  <testcase name="testNullCalendar" classname="org.apache.commons.lang3.time.DateUtilsFragmentTest" time="0.001"/>
  <testcase name="testMinutesOfDayWithCalendar" classname="org.apache.commons.lang3.time.DateUtilsFragmentTest" time="0"/>
  <testcase name="testMillisecondsOfHourWithDate" classname="org.apache.commons.lang3.time.DateUtilsFragmentTest" time="0"/>
  <testcase name="testSecondsOfMonthWithCalendar" classname="org.apache.commons.lang3.time.DateUtilsFragmentTest" time="0"/>
  <testcase name="testSecondFragmentInLargerUnitWithCalendar" classname="org.apache.commons.lang3.time.DateUtilsFragmentTest" time="0"/>
  <testcase name="testDaysOfYearWithCalendar" classname="org.apache.commons.lang3.time.DateUtilsFragmentTest" time="0"/>
  <testcase name="testDaysOfMonthWithCalendar" classname="org.apache.commons.lang3.time.DateUtilsFragmentTest" time="0"/>
  <testcase name="testMinutesOfYearWithCalendar" classname="org.apache.commons.lang3.time.DateUtilsFragmentTest" time="0"/>
  <testcase name="testMillisecondsOfMinuteWithCalender" classname="org.apache.commons.lang3.time.DateUtilsFragmentTest" time="0"/>
  <testcase name="testDaysOfMonthWithDate" classname="org.apache.commons.lang3.time.DateUtilsFragmentTest" time="0"/>
  <testcase name="testHourOfDayFragmentInLargerUnitWithDate" classname="org.apache.commons.lang3.time.DateUtilsFragmentTest" time="0"/>
  <testcase name="testHoursOfDayWithCalendar" classname="org.apache.commons.lang3.time.DateUtilsFragmentTest" time="0"/>
  <testcase name="testInvalidFragmentWithCalendar" classname="org.apache.commons.lang3.time.DateUtilsFragmentTest" time="0"/>
  <testcase name="testMinutesOfHourWithDate" classname="org.apache.commons.lang3.time.DateUtilsFragmentTest" time="0.001"/>
  <testcase name="testMillisecondsOfMinuteWithDate" classname="org.apache.commons.lang3.time.DateUtilsFragmentTest" time="0"/>
  <testcase name="testDaysOfYearWithDate" classname="org.apache.commons.lang3.time.DateUtilsFragmentTest" time="0"/>
  <testcase name="testDateFragmentInLargerUnitWithCalendar" classname="org.apache.commons.lang3.time.DateUtilsFragmentTest" time="0"/>
  <testcase name="testMillisecondsOfDayWithCalendar" classname="org.apache.commons.lang3.time.DateUtilsFragmentTest" time="0"/>
</testsuite>