<?xml version="1.0" encoding="UTF-8"?>
<testsuite xmlns:xsi="http://www.w3.org/2001/XMLSchema-instance" xsi:noNamespaceSchemaLocation="https://maven.apache.org/surefire/maven-surefire-plugin/xsd/surefire-test-report-3.0.xsd" version="3.0" name="org.apache.commons.lang3.compare.ComparableUtilsTest$A_is_1$B_is_0$C_is_1" time="0" tests="2" errors="0" skipped="0" failures="0">
  <properties>
[...]
</properties>
  <testcase name="between_returns_true" classname="org.apache.commons.lang3.compare.ComparableUtilsTest$A_is_1$B_is_0$C_is_1" time="0"/>
  <testcase name="betweenExclusive_returns_false" classname="org.apache.commons.lang3.compare.ComparableUtilsTest$A_is_1$B_is_0$C_is_1" time="0"/>
</testsuite>