<?xml version="1.0" encoding="UTF-8"?>
<testsuite xmlns:xsi="http://www.w3.org/2001/XMLSchema-instance" xsi:noNamespaceSchemaLocation="https://maven.apache.org/surefire/maven-surefire-plugin/xsd/surefire-test-report-3.0.xsd" version="3.0" name="org.apache.commons.lang3.time.DateUtilsTest" time="0.014" tests="63" errors="0" skipped="0" failures="0">
  <properties>
[...]
</properties>
  <testcase name="testParseDateWithLeniency" classname="org.apache.commons.lang3.time.DateUtilsTest" time="0"/>
  <testcase name="testAddMinutes" classname="org.apache.commons.lang3.time.DateUtilsTest" time="0"/>
  <testcase name="testMonthIterator" classname="org.apache.commons.lang3.time.DateUtilsTest" time="0.001"/>
  <testcase name="testRoundLang346" classname="org.apache.commons.lang3.time.DateUtilsTest" time="0"/>
  <testcase name="testIsSameDay_DateNotNullNull" classname="org.apache.commons.lang3.time.DateUtilsTest" time="0"/>
  <testcase name="testLANG799_DE_OK" classname="org.apache.commons.lang3.time.DateUtilsTest" time="0"/>
  <testcase name="testLANG799_EN_OK" classname="org.apache.commons.lang3.time.DateUtilsTest" time="0"/>
  <testcase name="testIsSameDay_CalNullNotNull" classname="org.apache.commons.lang3.time.DateUtilsTest" time="0.001"/>
  <testcase name="testIsSameLocalTime_CalNotNullNull" classname="org.apache.commons.lang3.time.DateUtilsTest" time="0"/>
  <testcase name="testSetMilliseconds" classname="org.apache.commons.lang3.time.DateUtilsTest" time="0"/>
  <testcase name="testToCalendarWithDateNull" classname="org.apache.commons.lang3.time.DateUtilsTest" time="0"/>
  <testcase name="testTruncate" classname="org.apache.commons.lang3.time.DateUtilsTest" time="0.001"/>
  <testcase name="testIsSameLocalTime_Cal" classname="org.apache.commons.lang3.time.DateUtilsTest" time="0"/>
  <testcase name="testAddDays" classname="org.apache.commons.lang3.time.DateUtilsTest" time="0"/>
  <testcase name="testLANG799_EN_WITH_DE_LOCALE" classname="org.apache.commons.lang3.time.DateUtilsTest" time="0"/>
  <testcase name="testLANG799" classname="org.apache.commons.lang3.time.DateUtilsTest" time="0.001"/>
  <testcase name="testRound" classname="org.apache.commons.lang3.time.DateUtilsTest" time="0.001"/>
  <testcase name="testParseDate" classname="org.apache.commons.lang3.time.DateUtilsTest" time="0"/>
  <testcase name="testCeil" classname="org.apache.commons.lang3.time.DateUtilsTest" time="0.001"/>
  <testcase name="testAddSeconds" classname="org.apache.commons.lang3.time.DateUtilsTest" time="0"/>
  <testcase name="testToCalendarWithDateAndTimeZoneNotNull" classname="org.apache.commons.lang3.time.DateUtilsTest" time="0"/>
  <testcase name="testLANG799_EN_FAIL" classname="org.apache.commons.lang3.time.DateUtilsTest" time="0"/>
  <testcase name="testIsSameDay_DateNullNotNull" classname="org.apache.commons.lang3.time.DateUtilsTest" time="0"/>
  <testcase name="testSetMinutes" classname="org.apache.commons.lang3.time.DateUtilsTest" time="0"/>
  <testcase name="testIsSameLocalTime_CalNullNotNull" classname="org.apache.commons.lang3.time.DateUtilsTest" time="0"/>
  <testcase name="testToCalendar" classname="org.apache.commons.lang3.time.DateUtilsTest" time="0.001"/>
  <testcase name="testToCalendarWithTimeZoneNull" classname="org.apache.commons.lang3.time.DateUtilsTest" time="0"/>
  <testcase name="testIsSameDay_DateNullNull" classname="org.apache.commons.lang3.time.DateUtilsTest" time="0"/>
  <testcase name="testAddHours" classname="org.apache.commons.lang3.time.DateUtilsTest" time="0"/>
  <testcase name="testAddWeeks" classname="org.apache.commons.lang3.time.DateUtilsTest" time="0"/>
  <testcase name="testAddYears" classname="org.apache.commons.lang3.time.DateUtilsTest" time="0"/>
  <testcase name="testTruncateLang59" classname="org.apache.commons.lang3.time.DateUtilsTest" time="0"/>
  <testcase name="testIsSameInstant_Date" classname="org.apache.commons.lang3.time.DateUtilsTest" time="0"/>
  <testcase name="testLang530" classname="org.apache.commons.lang3.time.DateUtilsTest" time="0"/>
  <testcase name="testSetSeconds" classname="org.apache.commons.lang3.time.DateUtilsTest" time="0.001"/>
  <testcase name="testParseDate_Null" classname="org.apache.commons.lang3.time.DateUtilsTest" time="0"/>
  <testcase name="testToCalendarWithDateAndTimeZoneNull" classname="org.apache.commons.lang3.time.DateUtilsTest" time="0"/>
  <testcase name="testIsSameInstant_Cal" classname="org.apache.commons.lang3.time.DateUtilsTest" time="0"/>
  <testcase name="testAddMonths" classname="org.apache.commons.lang3.time.DateUtilsTest" time="0"/>
  <testcase name="testIsSameInstant_CalNotNullNull" classname="org.apache.commons.lang3.time.DateUtilsTest" time="0"/>
  <testcase name="testIsSameInstant_DateNullNull" classname="org.apache.commons.lang3.time.DateUtilsTest" time="0"/>
  <testcase name="testWeekIterator" classname="org.apache.commons.lang3.time.DateUtilsTest" time="0.002"/>
  <testcase name="testIsSameInstant_CalNullNull" classname="org.apache.commons.lang3.time.DateUtilsTest" time="0"/>
  <testcase name="testIsSameInstant_DateNotNullNull" classname="org.apache.commons.lang3.time.DateUtilsTest" time="0"/>
  <testcase name="testSetMonths" classname="org.apache.commons.lang3.time.DateUtilsTest" time="0"/>
  <testcase name="testParse_NullParsers" classname="org.apache.commons.lang3.time.DateUtilsTest" time="0.001"/>
  <testcase name="testIsSameDay_CalNotNullNull" classname="org.apache.commons.lang3.time.DateUtilsTest" time="0"/>
  <testcase name="testSetDays" classname="org.apache.commons.lang3.time.DateUtilsTest" time="0"/>
  <testcase name="testIsSameDay_Date" classname="org.apache.commons.lang3.time.DateUtilsTest" time="0"/>
  <testcase name="testIsSameInstant_CalNullNotNull" classname="org.apache.commons.lang3.time.DateUtilsTest" time="0"/>
  <testcase name="testParseDate_InvalidDateString" classname="org.apache.commons.lang3.time.DateUtilsTest" time="0"/>
  <testcase name="testIsSameDay_Cal" classname="org.apache.commons.lang3.time.DateUtilsTest" time="0"/>
  <testcase name="testIteratorEx" classname="org.apache.commons.lang3.time.DateUtilsTest" time="0.001"/>
  <testcase name="testParse_EmptyParsers" classname="org.apache.commons.lang3.time.DateUtilsTest" time="0"/>
  <testcase name="testParseDate_NoDateString" classname="org.apache.commons.lang3.time.DateUtilsTest" time="0"/>
  <testcase name="testIsSameDay_CalNullNull" classname="org.apache.commons.lang3.time.DateUtilsTest" time="0"/>
  <testcase name="testIsSameInstant_DateNullNotNull" classname="org.apache.commons.lang3.time.DateUtilsTest" time="0"/>
  <testcase name="testAddMilliseconds" classname="org.apache.commons.lang3.time.DateUtilsTest" time="0"/>
  <testcase name="testIsSameLocalTime_CalNullNull" classname="org.apache.commons.lang3.time.DateUtilsTest" time="0"/>
  <testcase name="testConstructor" classname="org.apache.commons.lang3.time.DateUtilsTest" time="0"/>
  <testcase name="testSetHours" classname="org.apache.commons.lang3.time.DateUtilsTest" time="0"/>
  <testcase name="testSetYears" classname="org.apache.commons.lang3.time.DateUtilsTest" time="0.001"/>
  <testcase name="testLANG799_DE_FAIL" classname="org.apache.commons.lang3.time.DateUtilsTest" time="0"/>
</testsuite>